TOP.62d6f761.000a7087	START
TOP.62d6f761.000a7087	folder_config->cwd	C:\Users\Rasimi\OneDrive\Desktop\01
TOP.62d6f761.000a7087	folder_config->install_dir	.
TOP.62d6f761.000a7087	folder_config->profile_dir	.
TOP.62d6f761.000a7087	folder_config->session_dir	.
TOP.62d6f761.000a7087	folder_config->shared_dir	.
TOP.62d6f761.000a7087	user_options->encoding_from	utf-8
TOP.62d6f761.000a7087	user_options->encoding_to	utf-8
TOP.62d6f761.000a7087	user_options->rule_buf_l	:
TOP.62d6f761.000a7087	user_options->rule_buf_r	:
TOP.62d6f761.000a7087	user_options->session	hashcat
TOP.62d6f761.000a7087	user_options->separator	:
TOP.62d6f761.000a7087	user_options->limit	0
TOP.62d6f761.000a7087	user_options->skip	0
TOP.62d6f761.000a7087	user_options->attack_mode	3
TOP.62d6f761.000a7087	user_options->benchmark	0
TOP.62d6f761.000a7087	user_options->benchmark_all	0
TOP.62d6f761.000a7087	user_options->bitmap_max	18
TOP.62d6f761.000a7087	user_options->bitmap_min	16
TOP.62d6f761.000a7087	user_options->debug_mode	0
TOP.62d6f761.000a7087	user_options->hash_info	0
TOP.62d6f761.000a7087	user_options->force	0
TOP.62d6f761.000a7087	user_options->hwmon_disable	0
TOP.62d6f761.000a7087	user_options->hwmon_temp_abort	90
TOP.62d6f761.000a7087	user_options->hash_mode	0
TOP.62d6f761.000a7087	user_options->hex_charset	0
TOP.62d6f761.000a7087	user_options->hex_salt	0
TOP.62d6f761.000a7087	user_options->hex_wordlist	0
TOP.62d6f761.000a7087	user_options->hook_threads	8
TOP.62d6f761.000a7087	user_options->identify	0
TOP.62d6f761.000a7087	user_options->increment	0
TOP.62d6f761.000a7087	user_options->increment_max	256
TOP.62d6f761.000a7087	user_options->increment_min	1
TOP.62d6f761.000a7087	user_options->keep_guessing	0
TOP.62d6f761.000a7087	user_options->kernel_accel	0
TOP.62d6f761.000a7087	user_options->kernel_loops	0
TOP.62d6f761.000a7087	user_options->kernel_threads	0
TOP.62d6f761.000a7087	user_options->keyspace	0
TOP.62d6f761.000a7087	user_options->left	0
TOP.62d6f761.000a7087	user_options->logfile_disable	0
TOP.62d6f761.000a7087	user_options->loopback	0
TOP.62d6f761.000a7087	user_options->machine_readable	0
TOP.62d6f761.000a7087	user_options->markov_classic	0
TOP.62d6f761.000a7087	user_options->markov_disable	0
TOP.62d6f761.000a7087	user_options->markov_inverse	0
TOP.62d6f761.000a7087	user_options->markov_threshold	256
TOP.62d6f761.000a7087	user_options->multiply_accel_disable	0
TOP.62d6f761.000a7087	user_options->backend_info	0
TOP.62d6f761.000a7087	user_options->backend_vector_width	0
TOP.62d6f761.000a7087	user_options->optimized_kernel_enable	0
TOP.62d6f761.000a7087	user_options->outfile_autohex	1
TOP.62d6f761.000a7087	user_options->outfile_check_timer	5
TOP.62d6f761.000a7087	user_options->outfile_format	3
TOP.62d6f761.000a7087	user_options->wordlist_autohex_disable	0
TOP.62d6f761.000a7087	user_options->potfile_disable	0
TOP.62d6f761.000a7087	user_options->progress_only	0
TOP.62d6f761.000a7087	user_options->quiet	0
TOP.62d6f761.000a7087	user_options->remove	0
TOP.62d6f761.000a7087	user_options->remove_timer	60
TOP.62d6f761.000a7087	user_options->restore	0
TOP.62d6f761.000a7087	user_options->restore_disable	0
TOP.62d6f761.000a7087	user_options->restore_timer	60
TOP.62d6f761.000a7087	user_options->rp_files_cnt	0
TOP.62d6f761.000a7087	user_options->rp_gen	0
TOP.62d6f761.000a7087	user_options->rp_gen_func_max	4
TOP.62d6f761.000a7087	user_options->rp_gen_func_min	1
TOP.62d6f761.000a7087	user_options->rp_gen_seed	0
TOP.62d6f761.000a7087	user_options->runtime	0
TOP.62d6f761.000a7087	user_options->scrypt_tmto	0
TOP.62d6f761.000a7087	user_options->segment_size	33554432
TOP.62d6f761.000a7087	user_options->self_test_disable	0
TOP.62d6f761.000a7087	user_options->slow_candidates	0
TOP.62d6f761.000a7087	user_options->show	0
TOP.62d6f761.000a7087	user_options->speed_only	0
TOP.62d6f761.000a7087	user_options->spin_damp	0
TOP.62d6f761.000a7087	user_options->status	0
TOP.62d6f761.000a7087	user_options->status_json	0
TOP.62d6f761.000a7087	user_options->status_timer	10
TOP.62d6f761.000a7087	user_options->stdout_flag	0
TOP.62d6f761.000a7087	user_options->usage	0
TOP.62d6f761.000a7087	user_options->username	0
TOP.62d6f761.000a7087	user_options->veracrypt_pim_start	485
TOP.62d6f761.000a7087	user_options->veracrypt_pim_stop	485
TOP.62d6f761.000a7087	user_options->version	0
TOP.62d6f761.000a7087	user_options->workload_profile	2
TOP.62d6f761.000a7087	user_options->brain_client	0
TOP.62d6f761.000a7087	user_options->brain_client_features	2
TOP.62d6f761.000a7087	user_options->brain_server	0
TOP.62d6f761.000a7087	user_options->brain_server_timer	300
TOP.62d6f761.000a7087	user_options->brain_port	6863
TOP.62d6f761.000a7087	user_options->brain_session	0
TOP.62d6f761.000a7087	proc_start	1658255201
TOP.62d6f761.000a7087	proc_stop	1658255201
TOP.62d6f761.000a7087	STOP
TOP.62d6f78c.000334af	START
TOP.62d6f78c.000334af	folder_config->cwd	C:\Users\Rasimi\OneDrive\Desktop\01
TOP.62d6f78c.000334af	folder_config->install_dir	.
TOP.62d6f78c.000334af	folder_config->profile_dir	.
TOP.62d6f78c.000334af	folder_config->session_dir	.
TOP.62d6f78c.000334af	folder_config->shared_dir	.
TOP.62d6f78c.000334af	user_options->encoding_from	utf-8
TOP.62d6f78c.000334af	user_options->encoding_to	utf-8
TOP.62d6f78c.000334af	user_options->rule_buf_l	:
TOP.62d6f78c.000334af	user_options->rule_buf_r	:
TOP.62d6f78c.000334af	user_options->session	hashcat
TOP.62d6f78c.000334af	user_options->separator	:
TOP.62d6f78c.000334af	user_options->limit	0
TOP.62d6f78c.000334af	user_options->skip	0
TOP.62d6f78c.000334af	user_options->attack_mode	3
TOP.62d6f78c.000334af	user_options->benchmark	0
TOP.62d6f78c.000334af	user_options->benchmark_all	0
TOP.62d6f78c.000334af	user_options->bitmap_max	18
TOP.62d6f78c.000334af	user_options->bitmap_min	16
TOP.62d6f78c.000334af	user_options->debug_mode	0
TOP.62d6f78c.000334af	user_options->hash_info	0
TOP.62d6f78c.000334af	user_options->force	0
TOP.62d6f78c.000334af	user_options->hwmon_disable	0
TOP.62d6f78c.000334af	user_options->hwmon_temp_abort	90
TOP.62d6f78c.000334af	user_options->hash_mode	0
TOP.62d6f78c.000334af	user_options->hex_charset	0
TOP.62d6f78c.000334af	user_options->hex_salt	0
TOP.62d6f78c.000334af	user_options->hex_wordlist	0
TOP.62d6f78c.000334af	user_options->hook_threads	8
TOP.62d6f78c.000334af	user_options->identify	0
TOP.62d6f78c.000334af	user_options->increment	0
TOP.62d6f78c.000334af	user_options->increment_max	256
TOP.62d6f78c.000334af	user_options->increment_min	1
TOP.62d6f78c.000334af	user_options->keep_guessing	0
TOP.62d6f78c.000334af	user_options->kernel_accel	0
TOP.62d6f78c.000334af	user_options->kernel_loops	0
TOP.62d6f78c.000334af	user_options->kernel_threads	0
TOP.62d6f78c.000334af	user_options->keyspace	0
TOP.62d6f78c.000334af	user_options->left	0
TOP.62d6f78c.000334af	user_options->logfile_disable	0
TOP.62d6f78c.000334af	user_options->loopback	0
TOP.62d6f78c.000334af	user_options->machine_readable	0
TOP.62d6f78c.000334af	user_options->markov_classic	0
TOP.62d6f78c.000334af	user_options->markov_disable	0
TOP.62d6f78c.000334af	user_options->markov_inverse	0
TOP.62d6f78c.000334af	user_options->markov_threshold	256
TOP.62d6f78c.000334af	user_options->multiply_accel_disable	0
TOP.62d6f78c.000334af	user_options->backend_info	0
TOP.62d6f78c.000334af	user_options->backend_vector_width	0
TOP.62d6f78c.000334af	user_options->optimized_kernel_enable	0
TOP.62d6f78c.000334af	user_options->outfile_autohex	1
TOP.62d6f78c.000334af	user_options->outfile_check_timer	5
TOP.62d6f78c.000334af	user_options->outfile_format	3
TOP.62d6f78c.000334af	user_options->wordlist_autohex_disable	0
TOP.62d6f78c.000334af	user_options->potfile_disable	0
TOP.62d6f78c.000334af	user_options->progress_only	0
TOP.62d6f78c.000334af	user_options->quiet	0
TOP.62d6f78c.000334af	user_options->remove	0
TOP.62d6f78c.000334af	user_options->remove_timer	60
TOP.62d6f78c.000334af	user_options->restore	0
TOP.62d6f78c.000334af	user_options->restore_disable	0
TOP.62d6f78c.000334af	user_options->restore_timer	60
TOP.62d6f78c.000334af	user_options->rp_files_cnt	0
TOP.62d6f78c.000334af	user_options->rp_gen	0
TOP.62d6f78c.000334af	user_options->rp_gen_func_max	4
TOP.62d6f78c.000334af	user_options->rp_gen_func_min	1
TOP.62d6f78c.000334af	user_options->rp_gen_seed	0
TOP.62d6f78c.000334af	user_options->runtime	0
TOP.62d6f78c.000334af	user_options->scrypt_tmto	0
TOP.62d6f78c.000334af	user_options->segment_size	33554432
TOP.62d6f78c.000334af	user_options->self_test_disable	0
TOP.62d6f78c.000334af	user_options->slow_candidates	0
TOP.62d6f78c.000334af	user_options->show	0
TOP.62d6f78c.000334af	user_options->speed_only	0
TOP.62d6f78c.000334af	user_options->spin_damp	0
TOP.62d6f78c.000334af	user_options->status	0
TOP.62d6f78c.000334af	user_options->status_json	0
TOP.62d6f78c.000334af	user_options->status_timer	10
TOP.62d6f78c.000334af	user_options->stdout_flag	0
TOP.62d6f78c.000334af	user_options->usage	0
TOP.62d6f78c.000334af	user_options->username	0
TOP.62d6f78c.000334af	user_options->veracrypt_pim_start	485
TOP.62d6f78c.000334af	user_options->veracrypt_pim_stop	485
TOP.62d6f78c.000334af	user_options->version	0
TOP.62d6f78c.000334af	user_options->workload_profile	2
TOP.62d6f78c.000334af	user_options->brain_client	0
TOP.62d6f78c.000334af	user_options->brain_client_features	2
TOP.62d6f78c.000334af	user_options->brain_server	0
TOP.62d6f78c.000334af	user_options->brain_server_timer	300
TOP.62d6f78c.000334af	user_options->brain_port	6863
TOP.62d6f78c.000334af	user_options->brain_session	0
TOP.62d6f78c.000334af	proc_start	1658255244
TOP.62d6f78c.000334af	proc_stop	1658255244
TOP.62d6f78c.000334af	STOP
TOP.62d6f7ae.0002accb	START
TOP.62d6f7ae.0002accb	folder_config->cwd	C:\Users\Rasimi\OneDrive\Desktop\01
TOP.62d6f7ae.0002accb	folder_config->install_dir	.
TOP.62d6f7ae.0002accb	folder_config->profile_dir	.
TOP.62d6f7ae.0002accb	folder_config->session_dir	.
TOP.62d6f7ae.0002accb	folder_config->shared_dir	.
TOP.62d6f7ae.0002accb	user_options->encoding_from	utf-8
TOP.62d6f7ae.0002accb	user_options->encoding_to	utf-8
TOP.62d6f7ae.0002accb	user_options->rule_buf_l	:
TOP.62d6f7ae.0002accb	user_options->rule_buf_r	:
TOP.62d6f7ae.0002accb	user_options->session	hashcat
TOP.62d6f7ae.0002accb	user_options->separator	:
TOP.62d6f7ae.0002accb	user_options->limit	0
TOP.62d6f7ae.0002accb	user_options->skip	0
TOP.62d6f7ae.0002accb	user_options->attack_mode	3
TOP.62d6f7ae.0002accb	user_options->benchmark	0
TOP.62d6f7ae.0002accb	user_options->benchmark_all	0
TOP.62d6f7ae.0002accb	user_options->bitmap_max	18
TOP.62d6f7ae.0002accb	user_options->bitmap_min	16
TOP.62d6f7ae.0002accb	user_options->debug_mode	0
TOP.62d6f7ae.0002accb	user_options->hash_info	0
TOP.62d6f7ae.0002accb	user_options->force	0
TOP.62d6f7ae.0002accb	user_options->hwmon_disable	0
TOP.62d6f7ae.0002accb	user_options->hwmon_temp_abort	90
TOP.62d6f7ae.0002accb	user_options->hash_mode	0
TOP.62d6f7ae.0002accb	user_options->hex_charset	0
TOP.62d6f7ae.0002accb	user_options->hex_salt	0
TOP.62d6f7ae.0002accb	user_options->hex_wordlist	0
TOP.62d6f7ae.0002accb	user_options->hook_threads	8
TOP.62d6f7ae.0002accb	user_options->identify	0
TOP.62d6f7ae.0002accb	user_options->increment	0
TOP.62d6f7ae.0002accb	user_options->increment_max	256
TOP.62d6f7ae.0002accb	user_options->increment_min	1
TOP.62d6f7ae.0002accb	user_options->keep_guessing	0
TOP.62d6f7ae.0002accb	user_options->kernel_accel	0
TOP.62d6f7ae.0002accb	user_options->kernel_loops	0
TOP.62d6f7ae.0002accb	user_options->kernel_threads	0
TOP.62d6f7ae.0002accb	user_options->keyspace	0
TOP.62d6f7ae.0002accb	user_options->left	0
TOP.62d6f7ae.0002accb	user_options->logfile_disable	0
TOP.62d6f7ae.0002accb	user_options->loopback	0
TOP.62d6f7ae.0002accb	user_options->machine_readable	0
TOP.62d6f7ae.0002accb	user_options->markov_classic	0
TOP.62d6f7ae.0002accb	user_options->markov_disable	0
TOP.62d6f7ae.0002accb	user_options->markov_inverse	0
TOP.62d6f7ae.0002accb	user_options->markov_threshold	256
TOP.62d6f7ae.0002accb	user_options->multiply_accel_disable	0
TOP.62d6f7ae.0002accb	user_options->backend_info	0
TOP.62d6f7ae.0002accb	user_options->backend_vector_width	0
TOP.62d6f7ae.0002accb	user_options->optimized_kernel_enable	0
TOP.62d6f7ae.0002accb	user_options->outfile_autohex	1
TOP.62d6f7ae.0002accb	user_options->outfile_check_timer	5
TOP.62d6f7ae.0002accb	user_options->outfile_format	3
TOP.62d6f7ae.0002accb	user_options->wordlist_autohex_disable	0
TOP.62d6f7ae.0002accb	user_options->potfile_disable	0
TOP.62d6f7ae.0002accb	user_options->progress_only	0
TOP.62d6f7ae.0002accb	user_options->quiet	0
TOP.62d6f7ae.0002accb	user_options->remove	0
TOP.62d6f7ae.0002accb	user_options->remove_timer	60
TOP.62d6f7ae.0002accb	user_options->restore	0
TOP.62d6f7ae.0002accb	user_options->restore_disable	0
TOP.62d6f7ae.0002accb	user_options->restore_timer	60
TOP.62d6f7ae.0002accb	user_options->rp_files_cnt	0
TOP.62d6f7ae.0002accb	user_options->rp_gen	0
TOP.62d6f7ae.0002accb	user_options->rp_gen_func_max	4
TOP.62d6f7ae.0002accb	user_options->rp_gen_func_min	1
TOP.62d6f7ae.0002accb	user_options->rp_gen_seed	0
TOP.62d6f7ae.0002accb	user_options->runtime	0
TOP.62d6f7ae.0002accb	user_options->scrypt_tmto	0
TOP.62d6f7ae.0002accb	user_options->segment_size	33554432
TOP.62d6f7ae.0002accb	user_options->self_test_disable	0
TOP.62d6f7ae.0002accb	user_options->slow_candidates	0
TOP.62d6f7ae.0002accb	user_options->show	0
TOP.62d6f7ae.0002accb	user_options->speed_only	0
TOP.62d6f7ae.0002accb	user_options->spin_damp	0
TOP.62d6f7ae.0002accb	user_options->status	0
TOP.62d6f7ae.0002accb	user_options->status_json	0
TOP.62d6f7ae.0002accb	user_options->status_timer	10
TOP.62d6f7ae.0002accb	user_options->stdout_flag	0
TOP.62d6f7ae.0002accb	user_options->usage	0
TOP.62d6f7ae.0002accb	user_options->username	0
TOP.62d6f7ae.0002accb	user_options->veracrypt_pim_start	485
TOP.62d6f7ae.0002accb	user_options->veracrypt_pim_stop	485
TOP.62d6f7ae.0002accb	user_options->version	0
TOP.62d6f7ae.0002accb	user_options->workload_profile	2
TOP.62d6f7ae.0002accb	user_options->brain_client	0
TOP.62d6f7ae.0002accb	user_options->brain_client_features	2
TOP.62d6f7ae.0002accb	user_options->brain_server	0
TOP.62d6f7ae.0002accb	user_options->brain_server_timer	300
TOP.62d6f7ae.0002accb	user_options->brain_port	6863
TOP.62d6f7ae.0002accb	user_options->brain_session	0
TOP.62d6f7ae.0002accb	proc_start	1658255278
TOP.62d6f7ae.0002accb	proc_stop	1658255278
TOP.62d6f7ae.0002accb	STOP
TOP.62d6f878.0008ca45	START
TOP.62d6f878.0008ca45	folder_config->cwd	C:\Users\Rasimi\OneDrive\Desktop\01
TOP.62d6f878.0008ca45	folder_config->install_dir	.
TOP.62d6f878.0008ca45	folder_config->profile_dir	.
TOP.62d6f878.0008ca45	folder_config->session_dir	.
TOP.62d6f878.0008ca45	folder_config->shared_dir	.
TOP.62d6f878.0008ca45	user_options->encoding_from	utf-8
TOP.62d6f878.0008ca45	user_options->encoding_to	utf-8
TOP.62d6f878.0008ca45	user_options->rule_buf_l	:
TOP.62d6f878.0008ca45	user_options->rule_buf_r	:
TOP.62d6f878.0008ca45	user_options->session	hashcat
TOP.62d6f878.0008ca45	user_options->separator	:
TOP.62d6f878.0008ca45	user_options->limit	0
TOP.62d6f878.0008ca45	user_options->skip	0
TOP.62d6f878.0008ca45	user_options->attack_mode	3
TOP.62d6f878.0008ca45	user_options->benchmark	0
TOP.62d6f878.0008ca45	user_options->benchmark_all	0
TOP.62d6f878.0008ca45	user_options->bitmap_max	18
TOP.62d6f878.0008ca45	user_options->bitmap_min	16
TOP.62d6f878.0008ca45	user_options->debug_mode	0
TOP.62d6f878.0008ca45	user_options->hash_info	0
TOP.62d6f878.0008ca45	user_options->force	0
TOP.62d6f878.0008ca45	user_options->hwmon_disable	0
TOP.62d6f878.0008ca45	user_options->hwmon_temp_abort	90
TOP.62d6f878.0008ca45	user_options->hash_mode	11300
TOP.62d6f878.0008ca45	user_options->hex_charset	0
TOP.62d6f878.0008ca45	user_options->hex_salt	0
TOP.62d6f878.0008ca45	user_options->hex_wordlist	0
TOP.62d6f878.0008ca45	user_options->hook_threads	8
TOP.62d6f878.0008ca45	user_options->identify	0
TOP.62d6f878.0008ca45	user_options->increment	1
TOP.62d6f878.0008ca45	user_options->increment_max	256
TOP.62d6f878.0008ca45	user_options->increment_min	1
TOP.62d6f878.0008ca45	user_options->keep_guessing	0
TOP.62d6f878.0008ca45	user_options->kernel_accel	0
TOP.62d6f878.0008ca45	user_options->kernel_loops	0
TOP.62d6f878.0008ca45	user_options->kernel_threads	0
TOP.62d6f878.0008ca45	user_options->keyspace	0
TOP.62d6f878.0008ca45	user_options->left	0
TOP.62d6f878.0008ca45	user_options->logfile_disable	0
TOP.62d6f878.0008ca45	user_options->loopback	0
TOP.62d6f878.0008ca45	user_options->machine_readable	0
TOP.62d6f878.0008ca45	user_options->markov_classic	0
TOP.62d6f878.0008ca45	user_options->markov_disable	0
TOP.62d6f878.0008ca45	user_options->markov_inverse	0
TOP.62d6f878.0008ca45	user_options->markov_threshold	256
TOP.62d6f878.0008ca45	user_options->multiply_accel_disable	0
TOP.62d6f878.0008ca45	user_options->backend_info	0
TOP.62d6f878.0008ca45	user_options->backend_vector_width	0
TOP.62d6f878.0008ca45	user_options->optimized_kernel_enable	0
TOP.62d6f878.0008ca45	user_options->outfile_autohex	1
TOP.62d6f878.0008ca45	user_options->outfile_check_timer	5
TOP.62d6f878.0008ca45	user_options->outfile_format	3
TOP.62d6f878.0008ca45	user_options->wordlist_autohex_disable	0
TOP.62d6f878.0008ca45	user_options->potfile_disable	0
TOP.62d6f878.0008ca45	user_options->progress_only	0
TOP.62d6f878.0008ca45	user_options->quiet	0
TOP.62d6f878.0008ca45	user_options->remove	0
TOP.62d6f878.0008ca45	user_options->remove_timer	60
TOP.62d6f878.0008ca45	user_options->restore	0
TOP.62d6f878.0008ca45	user_options->restore_disable	0
TOP.62d6f878.0008ca45	user_options->restore_timer	60
TOP.62d6f878.0008ca45	user_options->rp_files_cnt	0
TOP.62d6f878.0008ca45	user_options->rp_gen	0
TOP.62d6f878.0008ca45	user_options->rp_gen_func_max	4
TOP.62d6f878.0008ca45	user_options->rp_gen_func_min	1
TOP.62d6f878.0008ca45	user_options->rp_gen_seed	0
TOP.62d6f878.0008ca45	user_options->runtime	0
TOP.62d6f878.0008ca45	user_options->scrypt_tmto	0
TOP.62d6f878.0008ca45	user_options->segment_size	33554432
TOP.62d6f878.0008ca45	user_options->self_test_disable	0
TOP.62d6f878.0008ca45	user_options->slow_candidates	0
TOP.62d6f878.0008ca45	user_options->show	0
TOP.62d6f878.0008ca45	user_options->speed_only	0
TOP.62d6f878.0008ca45	user_options->spin_damp	0
TOP.62d6f878.0008ca45	user_options->status	0
TOP.62d6f878.0008ca45	user_options->status_json	0
TOP.62d6f878.0008ca45	user_options->status_timer	10
TOP.62d6f878.0008ca45	user_options->stdout_flag	0
TOP.62d6f878.0008ca45	user_options->usage	0
TOP.62d6f878.0008ca45	user_options->username	0
TOP.62d6f878.0008ca45	user_options->veracrypt_pim_start	485
TOP.62d6f878.0008ca45	user_options->veracrypt_pim_stop	485
TOP.62d6f878.0008ca45	user_options->version	0
TOP.62d6f878.0008ca45	user_options->workload_profile	2
TOP.62d6f878.0008ca45	user_options->brain_client	0
TOP.62d6f878.0008ca45	user_options->brain_client_features	2
TOP.62d6f878.0008ca45	user_options->brain_server	0
TOP.62d6f878.0008ca45	user_options->brain_server_timer	300
TOP.62d6f878.0008ca45	user_options->brain_port	6863
TOP.62d6f878.0008ca45	user_options->brain_session	0
TOP.62d6f878.0008ca45	hashes->hashfile	hashIDK.txt
TOP.62d6f878.0008ca45	hashes->hashlist_mode	5
TOP.62d6f878.0008ca45	hashes->hashlist_format	0
TOP.62d6f878.0008ca45	hashes->hashes_cnt	0
TOP.62d6f878.0008ca45	hashes->digests_cnt	1
TOP.62d6f878.0008ca45	hashes->digests_done	0
TOP.62d6f878.0008ca45	hashes->salts_cnt	1
TOP.62d6f878.0008ca45	hashes->salts_done	0
TOP.62d6f878.0008ca45	proc_start	1658255480
TOP.62d6f878.0008ca45	proc_stop	1658255638
TOP.62d6f878.0008ca45	STOP
TOP.62d95d90.0009462e	START
TOP.62d95d90.0009462e	folder_config->cwd	C:\Users\Rasimi\OneDrive\Desktop\01
TOP.62d95d90.0009462e	folder_config->install_dir	.
TOP.62d95d90.0009462e	folder_config->profile_dir	.
TOP.62d95d90.0009462e	folder_config->session_dir	.
TOP.62d95d90.0009462e	folder_config->shared_dir	.
TOP.62d95d90.0009462e	user_options->encoding_from	utf-8
TOP.62d95d90.0009462e	user_options->encoding_to	utf-8
TOP.62d95d90.0009462e	user_options->rule_buf_l	:
TOP.62d95d90.0009462e	user_options->rule_buf_r	:
TOP.62d95d90.0009462e	user_options->session	hashcat
TOP.62d95d90.0009462e	user_options->separator	:
TOP.62d95d90.0009462e	user_options->limit	0
TOP.62d95d90.0009462e	user_options->skip	0
TOP.62d95d90.0009462e	user_options->attack_mode	3
TOP.62d95d90.0009462e	user_options->benchmark	0
TOP.62d95d90.0009462e	user_options->benchmark_all	0
TOP.62d95d90.0009462e	user_options->bitmap_max	18
TOP.62d95d90.0009462e	user_options->bitmap_min	16
TOP.62d95d90.0009462e	user_options->debug_mode	0
TOP.62d95d90.0009462e	user_options->hash_info	0
TOP.62d95d90.0009462e	user_options->force	0
TOP.62d95d90.0009462e	user_options->hwmon_disable	0
TOP.62d95d90.0009462e	user_options->hwmon_temp_abort	90
TOP.62d95d90.0009462e	user_options->hash_mode	0
TOP.62d95d90.0009462e	user_options->hex_charset	0
TOP.62d95d90.0009462e	user_options->hex_salt	0
TOP.62d95d90.0009462e	user_options->hex_wordlist	0
TOP.62d95d90.0009462e	user_options->hook_threads	8
TOP.62d95d90.0009462e	user_options->identify	0
TOP.62d95d90.0009462e	user_options->increment	0
TOP.62d95d90.0009462e	user_options->increment_max	256
TOP.62d95d90.0009462e	user_options->increment_min	1
TOP.62d95d90.0009462e	user_options->keep_guessing	0
TOP.62d95d90.0009462e	user_options->kernel_accel	0
TOP.62d95d90.0009462e	user_options->kernel_loops	0
TOP.62d95d90.0009462e	user_options->kernel_threads	0
TOP.62d95d90.0009462e	user_options->keyspace	0
TOP.62d95d90.0009462e	user_options->left	0
TOP.62d95d90.0009462e	user_options->logfile_disable	0
TOP.62d95d90.0009462e	user_options->loopback	0
TOP.62d95d90.0009462e	user_options->machine_readable	0
TOP.62d95d90.0009462e	user_options->markov_classic	0
TOP.62d95d90.0009462e	user_options->markov_disable	0
TOP.62d95d90.0009462e	user_options->markov_inverse	0
TOP.62d95d90.0009462e	user_options->markov_threshold	256
TOP.62d95d90.0009462e	user_options->multiply_accel_disable	0
TOP.62d95d90.0009462e	user_options->backend_info	0
TOP.62d95d90.0009462e	user_options->backend_vector_width	0
TOP.62d95d90.0009462e	user_options->optimized_kernel_enable	0
TOP.62d95d90.0009462e	user_options->outfile_autohex	1
TOP.62d95d90.0009462e	user_options->outfile_check_timer	5
TOP.62d95d90.0009462e	user_options->outfile_format	3
TOP.62d95d90.0009462e	user_options->wordlist_autohex_disable	0
TOP.62d95d90.0009462e	user_options->potfile_disable	0
TOP.62d95d90.0009462e	user_options->progress_only	0
TOP.62d95d90.0009462e	user_options->quiet	0
TOP.62d95d90.0009462e	user_options->remove	0
TOP.62d95d90.0009462e	user_options->remove_timer	60
TOP.62d95d90.0009462e	user_options->restore	0
TOP.62d95d90.0009462e	user_options->restore_disable	0
TOP.62d95d90.0009462e	user_options->restore_timer	60
TOP.62d95d90.0009462e	user_options->rp_files_cnt	0
TOP.62d95d90.0009462e	user_options->rp_gen	0
TOP.62d95d90.0009462e	user_options->rp_gen_func_max	4
TOP.62d95d90.0009462e	user_options->rp_gen_func_min	1
TOP.62d95d90.0009462e	user_options->rp_gen_seed	0
TOP.62d95d90.0009462e	user_options->runtime	0
TOP.62d95d90.0009462e	user_options->scrypt_tmto	0
TOP.62d95d90.0009462e	user_options->segment_size	33554432
TOP.62d95d90.0009462e	user_options->self_test_disable	0
TOP.62d95d90.0009462e	user_options->slow_candidates	0
TOP.62d95d90.0009462e	user_options->show	0
TOP.62d95d90.0009462e	user_options->speed_only	0
TOP.62d95d90.0009462e	user_options->spin_damp	0
TOP.62d95d90.0009462e	user_options->status	0
TOP.62d95d90.0009462e	user_options->status_json	0
TOP.62d95d90.0009462e	user_options->status_timer	10
TOP.62d95d90.0009462e	user_options->stdout_flag	0
TOP.62d95d90.0009462e	user_options->usage	0
TOP.62d95d90.0009462e	user_options->username	0
TOP.62d95d90.0009462e	user_options->veracrypt_pim_start	485
TOP.62d95d90.0009462e	user_options->veracrypt_pim_stop	485
TOP.62d95d90.0009462e	user_options->version	0
TOP.62d95d90.0009462e	user_options->workload_profile	2
TOP.62d95d90.0009462e	user_options->brain_client	0
TOP.62d95d90.0009462e	user_options->brain_client_features	2
TOP.62d95d90.0009462e	user_options->brain_server	0
TOP.62d95d90.0009462e	user_options->brain_server_timer	300
TOP.62d95d90.0009462e	user_options->brain_port	6863
TOP.62d95d90.0009462e	user_options->brain_session	0
TOP.62d95d90.0009462e	proc_start	1658412432
TOP.62d95d90.0009462e	proc_stop	1658412432
TOP.62d95d90.0009462e	STOP
TOP.62e2701f.0003e4f2	START
TOP.62e2701f.0003e4f2	folder_config->cwd	C:\Users\Rasimi\OneDrive\Desktop\01
TOP.62e2701f.0003e4f2	folder_config->install_dir	.
TOP.62e2701f.0003e4f2	folder_config->profile_dir	.
TOP.62e2701f.0003e4f2	folder_config->session_dir	.
TOP.62e2701f.0003e4f2	folder_config->shared_dir	.
TOP.62e2701f.0003e4f2	user_options->encoding_from	utf-8
TOP.62e2701f.0003e4f2	user_options->encoding_to	utf-8
TOP.62e2701f.0003e4f2	user_options->rule_buf_l	:
TOP.62e2701f.0003e4f2	user_options->rule_buf_r	:
TOP.62e2701f.0003e4f2	user_options->session	hashcat
TOP.62e2701f.0003e4f2	user_options->separator	:
TOP.62e2701f.0003e4f2	user_options->limit	0
TOP.62e2701f.0003e4f2	user_options->skip	0
TOP.62e2701f.0003e4f2	user_options->attack_mode	3
TOP.62e2701f.0003e4f2	user_options->benchmark	0
TOP.62e2701f.0003e4f2	user_options->benchmark_all	0
TOP.62e2701f.0003e4f2	user_options->bitmap_max	18
TOP.62e2701f.0003e4f2	user_options->bitmap_min	16
TOP.62e2701f.0003e4f2	user_options->debug_mode	0
TOP.62e2701f.0003e4f2	user_options->hash_info	0
TOP.62e2701f.0003e4f2	user_options->force	0
TOP.62e2701f.0003e4f2	user_options->hwmon_disable	0
TOP.62e2701f.0003e4f2	user_options->hwmon_temp_abort	90
TOP.62e2701f.0003e4f2	user_options->hash_mode	11300
TOP.62e2701f.0003e4f2	user_options->hex_charset	0
TOP.62e2701f.0003e4f2	user_options->hex_salt	0
TOP.62e2701f.0003e4f2	user_options->hex_wordlist	0
TOP.62e2701f.0003e4f2	user_options->hook_threads	8
TOP.62e2701f.0003e4f2	user_options->identify	0
TOP.62e2701f.0003e4f2	user_options->increment	0
TOP.62e2701f.0003e4f2	user_options->increment_max	256
TOP.62e2701f.0003e4f2	user_options->increment_min	1
TOP.62e2701f.0003e4f2	user_options->keep_guessing	0
TOP.62e2701f.0003e4f2	user_options->kernel_accel	0
TOP.62e2701f.0003e4f2	user_options->kernel_loops	0
TOP.62e2701f.0003e4f2	user_options->kernel_threads	0
TOP.62e2701f.0003e4f2	user_options->keyspace	0
TOP.62e2701f.0003e4f2	user_options->left	0
TOP.62e2701f.0003e4f2	user_options->logfile_disable	0
TOP.62e2701f.0003e4f2	user_options->loopback	0
TOP.62e2701f.0003e4f2	user_options->machine_readable	0
TOP.62e2701f.0003e4f2	user_options->markov_classic	0
TOP.62e2701f.0003e4f2	user_options->markov_disable	0
TOP.62e2701f.0003e4f2	user_options->markov_inverse	0
TOP.62e2701f.0003e4f2	user_options->markov_threshold	256
TOP.62e2701f.0003e4f2	user_options->multiply_accel_disable	0
TOP.62e2701f.0003e4f2	user_options->backend_info	0
TOP.62e2701f.0003e4f2	user_options->backend_vector_width	0
TOP.62e2701f.0003e4f2	user_options->optimized_kernel_enable	0
TOP.62e2701f.0003e4f2	user_options->outfile_autohex	1
TOP.62e2701f.0003e4f2	user_options->outfile_check_timer	5
TOP.62e2701f.0003e4f2	user_options->outfile_format	3
TOP.62e2701f.0003e4f2	user_options->wordlist_autohex_disable	0
TOP.62e2701f.0003e4f2	user_options->potfile_disable	0
TOP.62e2701f.0003e4f2	user_options->progress_only	0
TOP.62e2701f.0003e4f2	user_options->quiet	0
TOP.62e2701f.0003e4f2	user_options->remove	0
TOP.62e2701f.0003e4f2	user_options->remove_timer	60
TOP.62e2701f.0003e4f2	user_options->restore	0
TOP.62e2701f.0003e4f2	user_options->restore_disable	0
TOP.62e2701f.0003e4f2	user_options->restore_timer	60
TOP.62e2701f.0003e4f2	user_options->rp_files_cnt	0
TOP.62e2701f.0003e4f2	user_options->rp_gen	0
TOP.62e2701f.0003e4f2	user_options->rp_gen_func_max	4
TOP.62e2701f.0003e4f2	user_options->rp_gen_func_min	1
TOP.62e2701f.0003e4f2	user_options->rp_gen_seed	0
TOP.62e2701f.0003e4f2	user_options->runtime	0
TOP.62e2701f.0003e4f2	user_options->scrypt_tmto	0
TOP.62e2701f.0003e4f2	user_options->segment_size	33554432
TOP.62e2701f.0003e4f2	user_options->self_test_disable	0
TOP.62e2701f.0003e4f2	user_options->slow_candidates	0
TOP.62e2701f.0003e4f2	user_options->show	0
TOP.62e2701f.0003e4f2	user_options->speed_only	0
TOP.62e2701f.0003e4f2	user_options->spin_damp	0
TOP.62e2701f.0003e4f2	user_options->status	0
TOP.62e2701f.0003e4f2	user_options->status_json	0
TOP.62e2701f.0003e4f2	user_options->status_timer	10
TOP.62e2701f.0003e4f2	user_options->stdout_flag	0
TOP.62e2701f.0003e4f2	user_options->usage	0
TOP.62e2701f.0003e4f2	user_options->username	0
TOP.62e2701f.0003e4f2	user_options->veracrypt_pim_start	485
TOP.62e2701f.0003e4f2	user_options->veracrypt_pim_stop	485
TOP.62e2701f.0003e4f2	user_options->version	0
TOP.62e2701f.0003e4f2	user_options->workload_profile	2
TOP.62e2701f.0003e4f2	user_options->brain_client	0
TOP.62e2701f.0003e4f2	user_options->brain_client_features	2
TOP.62e2701f.0003e4f2	user_options->brain_server	0
TOP.62e2701f.0003e4f2	user_options->brain_server_timer	300
TOP.62e2701f.0003e4f2	user_options->brain_port	6863
TOP.62e2701f.0003e4f2	user_options->brain_session	0
TOP.62e2701f.0003e4f2	hashes->hashfile	hashIDK.txt
TOP.62e2701f.0003e4f2	hashes->hashlist_mode	5
TOP.62e2701f.0003e4f2	hashes->hashlist_format	0
TOP.62e2701f.0003e4f2	hashes->hashes_cnt	0
TOP.62e2701f.0003e4f2	hashes->digests_cnt	1
TOP.62e2701f.0003e4f2	hashes->digests_done	0
TOP.62e2701f.0003e4f2	hashes->salts_cnt	1
TOP.62e2701f.0003e4f2	hashes->salts_done	0
TOP.62e2701f.0003e4f2	proc_start	1659007007
TOP.62e2701f.0003e4f2	proc_stop	1659007008
TOP.62e2701f.0003e4f2	STOP
TOP.62e2702c.000c8003	START
TOP.62e2702c.000c8003	folder_config->cwd	C:\Users\Rasimi\OneDrive\Desktop\01
TOP.62e2702c.000c8003	folder_config->install_dir	.
TOP.62e2702c.000c8003	folder_config->profile_dir	.
TOP.62e2702c.000c8003	folder_config->session_dir	.
TOP.62e2702c.000c8003	folder_config->shared_dir	.
TOP.62e2702c.000c8003	user_options->encoding_from	utf-8
TOP.62e2702c.000c8003	user_options->encoding_to	utf-8
TOP.62e2702c.000c8003	user_options->rule_buf_l	:
TOP.62e2702c.000c8003	user_options->rule_buf_r	:
TOP.62e2702c.000c8003	user_options->session	hashcat
TOP.62e2702c.000c8003	user_options->separator	:
TOP.62e2702c.000c8003	user_options->limit	0
TOP.62e2702c.000c8003	user_options->skip	0
TOP.62e2702c.000c8003	user_options->attack_mode	3
TOP.62e2702c.000c8003	user_options->benchmark	0
TOP.62e2702c.000c8003	user_options->benchmark_all	0
TOP.62e2702c.000c8003	user_options->bitmap_max	18
TOP.62e2702c.000c8003	user_options->bitmap_min	16
TOP.62e2702c.000c8003	user_options->debug_mode	0
TOP.62e2702c.000c8003	user_options->hash_info	0
TOP.62e2702c.000c8003	user_options->force	0
TOP.62e2702c.000c8003	user_options->hwmon_disable	0
TOP.62e2702c.000c8003	user_options->hwmon_temp_abort	90
TOP.62e2702c.000c8003	user_options->hash_mode	11300
TOP.62e2702c.000c8003	user_options->hex_charset	0
TOP.62e2702c.000c8003	user_options->hex_salt	0
TOP.62e2702c.000c8003	user_options->hex_wordlist	0
TOP.62e2702c.000c8003	user_options->hook_threads	8
TOP.62e2702c.000c8003	user_options->identify	0
TOP.62e2702c.000c8003	user_options->increment	0
TOP.62e2702c.000c8003	user_options->increment_max	256
TOP.62e2702c.000c8003	user_options->increment_min	1
TOP.62e2702c.000c8003	user_options->keep_guessing	0
TOP.62e2702c.000c8003	user_options->kernel_accel	0
TOP.62e2702c.000c8003	user_options->kernel_loops	0
TOP.62e2702c.000c8003	user_options->kernel_threads	0
TOP.62e2702c.000c8003	user_options->keyspace	0
TOP.62e2702c.000c8003	user_options->left	0
TOP.62e2702c.000c8003	user_options->logfile_disable	0
TOP.62e2702c.000c8003	user_options->loopback	0
TOP.62e2702c.000c8003	user_options->machine_readable	0
TOP.62e2702c.000c8003	user_options->markov_classic	0
TOP.62e2702c.000c8003	user_options->markov_disable	0
TOP.62e2702c.000c8003	user_options->markov_inverse	0
TOP.62e2702c.000c8003	user_options->markov_threshold	256
TOP.62e2702c.000c8003	user_options->multiply_accel_disable	0
TOP.62e2702c.000c8003	user_options->backend_info	0
TOP.62e2702c.000c8003	user_options->backend_vector_width	0
TOP.62e2702c.000c8003	user_options->optimized_kernel_enable	0
TOP.62e2702c.000c8003	user_options->outfile_autohex	1
TOP.62e2702c.000c8003	user_options->outfile_check_timer	5
TOP.62e2702c.000c8003	user_options->outfile_format	3
TOP.62e2702c.000c8003	user_options->wordlist_autohex_disable	0
TOP.62e2702c.000c8003	user_options->potfile_disable	0
TOP.62e2702c.000c8003	user_options->progress_only	0
TOP.62e2702c.000c8003	user_options->quiet	0
TOP.62e2702c.000c8003	user_options->remove	0
TOP.62e2702c.000c8003	user_options->remove_timer	60
TOP.62e2702c.000c8003	user_options->restore	0
TOP.62e2702c.000c8003	user_options->restore_disable	0
TOP.62e2702c.000c8003	user_options->restore_timer	60
TOP.62e2702c.000c8003	user_options->rp_files_cnt	0
TOP.62e2702c.000c8003	user_options->rp_gen	0
TOP.62e2702c.000c8003	user_options->rp_gen_func_max	4
TOP.62e2702c.000c8003	user_options->rp_gen_func_min	1
TOP.62e2702c.000c8003	user_options->rp_gen_seed	0
TOP.62e2702c.000c8003	user_options->runtime	0
TOP.62e2702c.000c8003	user_options->scrypt_tmto	0
TOP.62e2702c.000c8003	user_options->segment_size	33554432
TOP.62e2702c.000c8003	user_options->self_test_disable	0
TOP.62e2702c.000c8003	user_options->slow_candidates	0
TOP.62e2702c.000c8003	user_options->show	0
TOP.62e2702c.000c8003	user_options->speed_only	0
TOP.62e2702c.000c8003	user_options->spin_damp	0
TOP.62e2702c.000c8003	user_options->status	0
TOP.62e2702c.000c8003	user_options->status_json	0
TOP.62e2702c.000c8003	user_options->status_timer	10
TOP.62e2702c.000c8003	user_options->stdout_flag	0
TOP.62e2702c.000c8003	user_options->usage	0
TOP.62e2702c.000c8003	user_options->username	0
TOP.62e2702c.000c8003	user_options->veracrypt_pim_start	485
TOP.62e2702c.000c8003	user_options->veracrypt_pim_stop	485
TOP.62e2702c.000c8003	user_options->version	0
TOP.62e2702c.000c8003	user_options->workload_profile	2
TOP.62e2702c.000c8003	user_options->brain_client	0
TOP.62e2702c.000c8003	user_options->brain_client_features	2
TOP.62e2702c.000c8003	user_options->brain_server	0
TOP.62e2702c.000c8003	user_options->brain_server_timer	300
TOP.62e2702c.000c8003	user_options->brain_port	6863
TOP.62e2702c.000c8003	user_options->brain_session	0
TOP.62e2702c.000c8003	hashes->hashfile	hashIDK.txt
TOP.62e2702c.000c8003	hashes->hashlist_mode	5
TOP.62e2702c.000c8003	hashes->hashlist_format	0
TOP.62e2702c.000c8003	hashes->hashes_cnt	0
TOP.62e2702c.000c8003	hashes->digests_cnt	1
TOP.62e2702c.000c8003	hashes->digests_done	0
TOP.62e2702c.000c8003	hashes->salts_cnt	1
TOP.62e2702c.000c8003	hashes->salts_done	0
TOP.62e2702c.000c8003	proc_start	1659007020
TOP.62e2702c.000c8003	proc_stop	1659007021
TOP.62e2702c.000c8003	STOP
TOP.62e27039.0002e985	START
TOP.62e27039.0002e985	folder_config->cwd	C:\Users\Rasimi\OneDrive\Desktop\01
TOP.62e27039.0002e985	folder_config->install_dir	.
TOP.62e27039.0002e985	folder_config->profile_dir	.
TOP.62e27039.0002e985	folder_config->session_dir	.
TOP.62e27039.0002e985	folder_config->shared_dir	.
TOP.62e27039.0002e985	user_options->encoding_from	utf-8
TOP.62e27039.0002e985	user_options->encoding_to	utf-8
TOP.62e27039.0002e985	user_options->rule_buf_l	:
TOP.62e27039.0002e985	user_options->rule_buf_r	:
TOP.62e27039.0002e985	user_options->session	hashcat
TOP.62e27039.0002e985	user_options->separator	:
TOP.62e27039.0002e985	user_options->limit	0
TOP.62e27039.0002e985	user_options->skip	0
TOP.62e27039.0002e985	user_options->attack_mode	3
TOP.62e27039.0002e985	user_options->benchmark	0
TOP.62e27039.0002e985	user_options->benchmark_all	0
TOP.62e27039.0002e985	user_options->bitmap_max	18
TOP.62e27039.0002e985	user_options->bitmap_min	16
TOP.62e27039.0002e985	user_options->debug_mode	0
TOP.62e27039.0002e985	user_options->hash_info	0
TOP.62e27039.0002e985	user_options->force	0
TOP.62e27039.0002e985	user_options->hwmon_disable	0
TOP.62e27039.0002e985	user_options->hwmon_temp_abort	90
TOP.62e27039.0002e985	user_options->hash_mode	11300
TOP.62e27039.0002e985	user_options->hex_charset	0
TOP.62e27039.0002e985	user_options->hex_salt	0
TOP.62e27039.0002e985	user_options->hex_wordlist	0
TOP.62e27039.0002e985	user_options->hook_threads	8
TOP.62e27039.0002e985	user_options->identify	0
TOP.62e27039.0002e985	user_options->increment	0
TOP.62e27039.0002e985	user_options->increment_max	256
TOP.62e27039.0002e985	user_options->increment_min	1
TOP.62e27039.0002e985	user_options->keep_guessing	0
TOP.62e27039.0002e985	user_options->kernel_accel	0
TOP.62e27039.0002e985	user_options->kernel_loops	0
TOP.62e27039.0002e985	user_options->kernel_threads	0
TOP.62e27039.0002e985	user_options->keyspace	0
TOP.62e27039.0002e985	user_options->left	0
TOP.62e27039.0002e985	user_options->logfile_disable	0
TOP.62e27039.0002e985	user_options->loopback	0
TOP.62e27039.0002e985	user_options->machine_readable	0
TOP.62e27039.0002e985	user_options->markov_classic	0
TOP.62e27039.0002e985	user_options->markov_disable	0
TOP.62e27039.0002e985	user_options->markov_inverse	0
TOP.62e27039.0002e985	user_options->markov_threshold	256
TOP.62e27039.0002e985	user_options->multiply_accel_disable	0
TOP.62e27039.0002e985	user_options->backend_info	0
TOP.62e27039.0002e985	user_options->backend_vector_width	0
TOP.62e27039.0002e985	user_options->optimized_kernel_enable	0
TOP.62e27039.0002e985	user_options->outfile_autohex	1
TOP.62e27039.0002e985	user_options->outfile_check_timer	5
TOP.62e27039.0002e985	user_options->outfile_format	3
TOP.62e27039.0002e985	user_options->wordlist_autohex_disable	0
TOP.62e27039.0002e985	user_options->potfile_disable	0
TOP.62e27039.0002e985	user_options->progress_only	0
TOP.62e27039.0002e985	user_options->quiet	0
TOP.62e27039.0002e985	user_options->remove	0
TOP.62e27039.0002e985	user_options->remove_timer	60
TOP.62e27039.0002e985	user_options->restore	0
TOP.62e27039.0002e985	user_options->restore_disable	0
TOP.62e27039.0002e985	user_options->restore_timer	60
TOP.62e27039.0002e985	user_options->rp_files_cnt	0
TOP.62e27039.0002e985	user_options->rp_gen	0
TOP.62e27039.0002e985	user_options->rp_gen_func_max	4
TOP.62e27039.0002e985	user_options->rp_gen_func_min	1
TOP.62e27039.0002e985	user_options->rp_gen_seed	0
TOP.62e27039.0002e985	user_options->runtime	0
TOP.62e27039.0002e985	user_options->scrypt_tmto	0
TOP.62e27039.0002e985	user_options->segment_size	33554432
TOP.62e27039.0002e985	user_options->self_test_disable	0
TOP.62e27039.0002e985	user_options->slow_candidates	0
TOP.62e27039.0002e985	user_options->show	0
TOP.62e27039.0002e985	user_options->speed_only	0
TOP.62e27039.0002e985	user_options->spin_damp	0
TOP.62e27039.0002e985	user_options->status	0
TOP.62e27039.0002e985	user_options->status_json	0
TOP.62e27039.0002e985	user_options->status_timer	10
TOP.62e27039.0002e985	user_options->stdout_flag	0
TOP.62e27039.0002e985	user_options->usage	0
TOP.62e27039.0002e985	user_options->username	0
TOP.62e27039.0002e985	user_options->veracrypt_pim_start	485
TOP.62e27039.0002e985	user_options->veracrypt_pim_stop	485
TOP.62e27039.0002e985	user_options->version	0
TOP.62e27039.0002e985	user_options->workload_profile	2
TOP.62e27039.0002e985	user_options->brain_client	0
TOP.62e27039.0002e985	user_options->brain_client_features	2
TOP.62e27039.0002e985	user_options->brain_server	0
TOP.62e27039.0002e985	user_options->brain_server_timer	300
TOP.62e27039.0002e985	user_options->brain_port	6863
TOP.62e27039.0002e985	user_options->brain_session	0
TOP.62e27039.0002e985	hashes->hashfile	hashIDK.txt
TOP.62e27039.0002e985	hashes->hashlist_mode	5
TOP.62e27039.0002e985	hashes->hashlist_format	0
TOP.62e27039.0002e985	hashes->hashes_cnt	0
TOP.62e27039.0002e985	hashes->digests_cnt	1
TOP.62e27039.0002e985	hashes->digests_done	0
TOP.62e27039.0002e985	hashes->salts_cnt	1
TOP.62e27039.0002e985	hashes->salts_done	0
TOP.62e27039.0002e985	proc_start	1659007033
TOP.62e27039.0002e985	proc_stop	1659007034
TOP.62e27039.0002e985	STOP
TOP.62e293c9.000b6cf7	START
TOP.62e293c9.000b6cf7	folder_config->cwd	C:\Users\Rasimi\OneDrive\Desktop\01
TOP.62e293c9.000b6cf7	folder_config->install_dir	.
TOP.62e293c9.000b6cf7	folder_config->profile_dir	.
TOP.62e293c9.000b6cf7	folder_config->session_dir	.
TOP.62e293c9.000b6cf7	folder_config->shared_dir	.
TOP.62e293c9.000b6cf7	user_options->encoding_from	utf-8
TOP.62e293c9.000b6cf7	user_options->encoding_to	utf-8
TOP.62e293c9.000b6cf7	user_options->rule_buf_l	:
TOP.62e293c9.000b6cf7	user_options->rule_buf_r	:
TOP.62e293c9.000b6cf7	user_options->session	hashcat
TOP.62e293c9.000b6cf7	user_options->separator	:
TOP.62e293c9.000b6cf7	user_options->limit	0
TOP.62e293c9.000b6cf7	user_options->skip	0
TOP.62e293c9.000b6cf7	user_options->attack_mode	3
TOP.62e293c9.000b6cf7	user_options->benchmark	0
TOP.62e293c9.000b6cf7	user_options->benchmark_all	0
TOP.62e293c9.000b6cf7	user_options->bitmap_max	18
TOP.62e293c9.000b6cf7	user_options->bitmap_min	16
TOP.62e293c9.000b6cf7	user_options->debug_mode	0
TOP.62e293c9.000b6cf7	user_options->hash_info	0
TOP.62e293c9.000b6cf7	user_options->force	0
TOP.62e293c9.000b6cf7	user_options->hwmon_disable	0
TOP.62e293c9.000b6cf7	user_options->hwmon_temp_abort	90
TOP.62e293c9.000b6cf7	user_options->hash_mode	11300
TOP.62e293c9.000b6cf7	user_options->hex_charset	0
TOP.62e293c9.000b6cf7	user_options->hex_salt	0
TOP.62e293c9.000b6cf7	user_options->hex_wordlist	0
TOP.62e293c9.000b6cf7	user_options->hook_threads	8
TOP.62e293c9.000b6cf7	user_options->identify	0
TOP.62e293c9.000b6cf7	user_options->increment	0
TOP.62e293c9.000b6cf7	user_options->increment_max	256
TOP.62e293c9.000b6cf7	user_options->increment_min	1
TOP.62e293c9.000b6cf7	user_options->keep_guessing	0
TOP.62e293c9.000b6cf7	user_options->kernel_accel	0
TOP.62e293c9.000b6cf7	user_options->kernel_loops	0
TOP.62e293c9.000b6cf7	user_options->kernel_threads	0
TOP.62e293c9.000b6cf7	user_options->keyspace	0
TOP.62e293c9.000b6cf7	user_options->left	0
TOP.62e293c9.000b6cf7	user_options->logfile_disable	0
TOP.62e293c9.000b6cf7	user_options->loopback	0
TOP.62e293c9.000b6cf7	user_options->machine_readable	0
TOP.62e293c9.000b6cf7	user_options->markov_classic	0
TOP.62e293c9.000b6cf7	user_options->markov_disable	0
TOP.62e293c9.000b6cf7	user_options->markov_inverse	0
TOP.62e293c9.000b6cf7	user_options->markov_threshold	256
TOP.62e293c9.000b6cf7	user_options->multiply_accel_disable	0
TOP.62e293c9.000b6cf7	user_options->backend_info	0
TOP.62e293c9.000b6cf7	user_options->backend_vector_width	0
TOP.62e293c9.000b6cf7	user_options->optimized_kernel_enable	0
TOP.62e293c9.000b6cf7	user_options->outfile_autohex	1
TOP.62e293c9.000b6cf7	user_options->outfile_check_timer	5
TOP.62e293c9.000b6cf7	user_options->outfile_format	3
TOP.62e293c9.000b6cf7	user_options->wordlist_autohex_disable	0
TOP.62e293c9.000b6cf7	user_options->potfile_disable	0
TOP.62e293c9.000b6cf7	user_options->progress_only	0
TOP.62e293c9.000b6cf7	user_options->quiet	0
TOP.62e293c9.000b6cf7	user_options->remove	0
TOP.62e293c9.000b6cf7	user_options->remove_timer	60
TOP.62e293c9.000b6cf7	user_options->restore	0
TOP.62e293c9.000b6cf7	user_options->restore_disable	0
TOP.62e293c9.000b6cf7	user_options->restore_timer	60
TOP.62e293c9.000b6cf7	user_options->rp_files_cnt	0
TOP.62e293c9.000b6cf7	user_options->rp_gen	0
TOP.62e293c9.000b6cf7	user_options->rp_gen_func_max	4
TOP.62e293c9.000b6cf7	user_options->rp_gen_func_min	1
TOP.62e293c9.000b6cf7	user_options->rp_gen_seed	0
TOP.62e293c9.000b6cf7	user_options->runtime	0
TOP.62e293c9.000b6cf7	user_options->scrypt_tmto	0
TOP.62e293c9.000b6cf7	user_options->segment_size	33554432
TOP.62e293c9.000b6cf7	user_options->self_test_disable	0
TOP.62e293c9.000b6cf7	user_options->slow_candidates	0
TOP.62e293c9.000b6cf7	user_options->show	0
TOP.62e293c9.000b6cf7	user_options->speed_only	0
TOP.62e293c9.000b6cf7	user_options->spin_damp	0
TOP.62e293c9.000b6cf7	user_options->status	0
TOP.62e293c9.000b6cf7	user_options->status_json	0
TOP.62e293c9.000b6cf7	user_options->status_timer	10
TOP.62e293c9.000b6cf7	user_options->stdout_flag	0
TOP.62e293c9.000b6cf7	user_options->usage	0
TOP.62e293c9.000b6cf7	user_options->username	0
TOP.62e293c9.000b6cf7	user_options->veracrypt_pim_start	485
TOP.62e293c9.000b6cf7	user_options->veracrypt_pim_stop	485
TOP.62e293c9.000b6cf7	user_options->version	0
TOP.62e293c9.000b6cf7	user_options->workload_profile	2
TOP.62e293c9.000b6cf7	user_options->brain_client	0
TOP.62e293c9.000b6cf7	user_options->brain_client_features	2
TOP.62e293c9.000b6cf7	user_options->brain_server	0
TOP.62e293c9.000b6cf7	user_options->brain_server_timer	300
TOP.62e293c9.000b6cf7	user_options->brain_port	6863
TOP.62e293c9.000b6cf7	user_options->brain_session	0
TOP.62e293c9.000b6cf7	hashes->hashfile	hashIDK.txt
TOP.62e293c9.000b6cf7	hashes->hashlist_mode	5
TOP.62e293c9.000b6cf7	hashes->hashlist_format	0
TOP.62e293c9.000b6cf7	hashes->hashes_cnt	0
TOP.62e293c9.000b6cf7	hashes->digests_cnt	1
TOP.62e293c9.000b6cf7	hashes->digests_done	0
TOP.62e293c9.000b6cf7	hashes->salts_cnt	1
TOP.62e293c9.000b6cf7	hashes->salts_done	0
TOP.62e293c9.000b6cf7	proc_start	1659016137
TOP.62e293c9.000b6cf7	proc_stop	1659016139
TOP.62e293c9.000b6cf7	STOP
TOP.62e293db.0005f1ee	START
TOP.62e293db.0005f1ee	folder_config->cwd	C:\Users\Rasimi\OneDrive\Desktop\01
TOP.62e293db.0005f1ee	folder_config->install_dir	.
TOP.62e293db.0005f1ee	folder_config->profile_dir	.
TOP.62e293db.0005f1ee	folder_config->session_dir	.
TOP.62e293db.0005f1ee	folder_config->shared_dir	.
TOP.62e293db.0005f1ee	user_options->encoding_from	utf-8
TOP.62e293db.0005f1ee	user_options->encoding_to	utf-8
TOP.62e293db.0005f1ee	user_options->rule_buf_l	:
TOP.62e293db.0005f1ee	user_options->rule_buf_r	:
TOP.62e293db.0005f1ee	user_options->session	hashcat
TOP.62e293db.0005f1ee	user_options->separator	:
TOP.62e293db.0005f1ee	user_options->limit	0
TOP.62e293db.0005f1ee	user_options->skip	0
TOP.62e293db.0005f1ee	user_options->attack_mode	3
TOP.62e293db.0005f1ee	user_options->benchmark	0
TOP.62e293db.0005f1ee	user_options->benchmark_all	0
TOP.62e293db.0005f1ee	user_options->bitmap_max	18
TOP.62e293db.0005f1ee	user_options->bitmap_min	16
TOP.62e293db.0005f1ee	user_options->debug_mode	0
TOP.62e293db.0005f1ee	user_options->hash_info	0
TOP.62e293db.0005f1ee	user_options->force	0
TOP.62e293db.0005f1ee	user_options->hwmon_disable	0
TOP.62e293db.0005f1ee	user_options->hwmon_temp_abort	90
TOP.62e293db.0005f1ee	user_options->hash_mode	11300
TOP.62e293db.0005f1ee	user_options->hex_charset	0
TOP.62e293db.0005f1ee	user_options->hex_salt	0
TOP.62e293db.0005f1ee	user_options->hex_wordlist	0
TOP.62e293db.0005f1ee	user_options->hook_threads	8
TOP.62e293db.0005f1ee	user_options->identify	0
TOP.62e293db.0005f1ee	user_options->increment	0
TOP.62e293db.0005f1ee	user_options->increment_max	256
TOP.62e293db.0005f1ee	user_options->increment_min	1
TOP.62e293db.0005f1ee	user_options->keep_guessing	0
TOP.62e293db.0005f1ee	user_options->kernel_accel	0
TOP.62e293db.0005f1ee	user_options->kernel_loops	0
TOP.62e293db.0005f1ee	user_options->kernel_threads	0
TOP.62e293db.0005f1ee	user_options->keyspace	0
TOP.62e293db.0005f1ee	user_options->left	0
TOP.62e293db.0005f1ee	user_options->logfile_disable	0
TOP.62e293db.0005f1ee	user_options->loopback	0
TOP.62e293db.0005f1ee	user_options->machine_readable	0
TOP.62e293db.0005f1ee	user_options->markov_classic	0
TOP.62e293db.0005f1ee	user_options->markov_disable	0
TOP.62e293db.0005f1ee	user_options->markov_inverse	0
TOP.62e293db.0005f1ee	user_options->markov_threshold	256
TOP.62e293db.0005f1ee	user_options->multiply_accel_disable	0
TOP.62e293db.0005f1ee	user_options->backend_info	0
TOP.62e293db.0005f1ee	user_options->backend_vector_width	0
TOP.62e293db.0005f1ee	user_options->optimized_kernel_enable	0
TOP.62e293db.0005f1ee	user_options->outfile_autohex	1
TOP.62e293db.0005f1ee	user_options->outfile_check_timer	5
TOP.62e293db.0005f1ee	user_options->outfile_format	3
TOP.62e293db.0005f1ee	user_options->wordlist_autohex_disable	0
TOP.62e293db.0005f1ee	user_options->potfile_disable	0
TOP.62e293db.0005f1ee	user_options->progress_only	0
TOP.62e293db.0005f1ee	user_options->quiet	0
TOP.62e293db.0005f1ee	user_options->remove	0
TOP.62e293db.0005f1ee	user_options->remove_timer	60
TOP.62e293db.0005f1ee	user_options->restore	0
TOP.62e293db.0005f1ee	user_options->restore_disable	0
TOP.62e293db.0005f1ee	user_options->restore_timer	60
TOP.62e293db.0005f1ee	user_options->rp_files_cnt	0
TOP.62e293db.0005f1ee	user_options->rp_gen	0
TOP.62e293db.0005f1ee	user_options->rp_gen_func_max	4
TOP.62e293db.0005f1ee	user_options->rp_gen_func_min	1
TOP.62e293db.0005f1ee	user_options->rp_gen_seed	0
TOP.62e293db.0005f1ee	user_options->runtime	0
TOP.62e293db.0005f1ee	user_options->scrypt_tmto	0
TOP.62e293db.0005f1ee	user_options->segment_size	33554432
TOP.62e293db.0005f1ee	user_options->self_test_disable	0
TOP.62e293db.0005f1ee	user_options->slow_candidates	0
TOP.62e293db.0005f1ee	user_options->show	0
TOP.62e293db.0005f1ee	user_options->speed_only	0
TOP.62e293db.0005f1ee	user_options->spin_damp	0
TOP.62e293db.0005f1ee	user_options->status	0
TOP.62e293db.0005f1ee	user_options->status_json	0
TOP.62e293db.0005f1ee	user_options->status_timer	10
TOP.62e293db.0005f1ee	user_options->stdout_flag	0
TOP.62e293db.0005f1ee	user_options->usage	0
TOP.62e293db.0005f1ee	user_options->username	0
TOP.62e293db.0005f1ee	user_options->veracrypt_pim_start	485
TOP.62e293db.0005f1ee	user_options->veracrypt_pim_stop	485
TOP.62e293db.0005f1ee	user_options->version	0
TOP.62e293db.0005f1ee	user_options->workload_profile	2
TOP.62e293db.0005f1ee	user_options->brain_client	0
TOP.62e293db.0005f1ee	user_options->brain_client_features	2
TOP.62e293db.0005f1ee	user_options->brain_server	0
TOP.62e293db.0005f1ee	user_options->brain_server_timer	300
TOP.62e293db.0005f1ee	user_options->brain_port	6863
TOP.62e293db.0005f1ee	user_options->brain_session	0
TOP.62e293db.0005f1ee	hashes->hashfile	idk.txt
TOP.62e293db.0005f1ee	hashes->hashlist_mode	5
TOP.62e293db.0005f1ee	hashes->hashlist_format	0
TOP.62e293db.0005f1ee	hashes->hashes_cnt	0
TOP.62e293db.0005f1ee	hashes->digests_cnt	1
TOP.62e293db.0005f1ee	hashes->digests_done	0
TOP.62e293db.0005f1ee	hashes->salts_cnt	1
TOP.62e293db.0005f1ee	hashes->salts_done	0
TOP.62e293db.0005f1ee	proc_start	1659016155
TOP.62e293db.0005f1ee	proc_stop	1659016156
TOP.62e293db.0005f1ee	STOP
